Flow report for Num0_12
Wed Feb 15 14:30:02 2023
Quartus Prime Version 20.1.0 Build 711 06/05/2020 SJ Lite Edition


---------------------
; Table of Contents ;
---------------------
  1. Legal Notice
  2. Flow Summary
  3. Flow Settings
  4. Flow Non-Default Global Settings
  5. Flow Elapsed Time
  6. Flow OS Summary
  7. Flow Log
  8. Flow Messages
  9. Flow Suppressed Messages



----------------
; Legal Notice ;
----------------
Copyright (C) 2020  Intel Corporation. All rights reserved.
Your use of Intel Corporation's design tools, logic functions 
and other software and tools, and any partner logic 
functions, and any output files from any of the foregoing 
(including device programming or simulation files), and any 
associated documentation or information are expressly subject 
to the terms and conditions of the Intel Program License 
Subscription Agreement, the Intel Quartus Prime License Agreement,
the Intel FPGA IP License Agreement, or other applicable license
agreement, including, without limitation, that your use is for
the sole purpose of programming logic devices manufactured by
Intel and sold by Intel or its authorized distributors.  Please
refer to the applicable agreement for further details, at
https://fpgasoftware.intel.com/eula.



+---------------------------------------------------------------------------------+
; Flow Summary                                                                    ;
+-----------------------------------+---------------------------------------------+
; Flow Status                       ; Successful - Wed Feb 15 14:30:02 2023       ;
; Quartus Prime Version             ; 20.1.0 Build 711 06/05/2020 SJ Lite Edition ;
; Revision Name                     ; Num0_12                                     ;
; Top-level Entity Name             ; SchemaFinala                                ;
; Family                            ; Arria II GX                                 ;
; Logic utilization                 ; < 1 %                                       ;
;     Combinational ALUTs           ; 71 / 36,100 ( < 1 % )                       ;
;     Memory ALUTs                  ; 0 / 18,050 ( 0 % )                          ;
;     Dedicated logic registers     ; 44 / 36,100 ( < 1 % )                       ;
; Total registers                   ; 44                                          ;
; Total pins                        ; 70 / 176 ( 40 % )                           ;
; Total virtual pins                ; 0                                           ;
; Total block memory bits           ; 0 / 2,939,904 ( 0 % )                       ;
; DSP block 18-bit elements         ; 0 / 232 ( 0 % )                             ;
; Total GXB Receiver Channel PCS    ; 0 / 4 ( 0 % )                               ;
; Total GXB Receiver Channel PMA    ; 0 / 4 ( 0 % )                               ;
; Total GXB Transmitter Channel PCS ; 0 / 4 ( 0 % )                               ;
; Total GXB Transmitter Channel PMA ; 0 / 4 ( 0 % )                               ;
; Total PLLs                        ; 0 / 4 ( 0 % )                               ;
; Total DLLs                        ; 0 / 2 ( 0 % )                               ;
; Device                            ; EP2AGX45CU17I3                              ;
; Timing Models                     ; Final                                       ;
+-----------------------------------+---------------------------------------------+


+-----------------------------------------+
; Flow Settings                           ;
+-------------------+---------------------+
; Option            ; Setting             ;
+-------------------+---------------------+
; Start date & time ; 02/15/2023 14:25:40 ;
; Main task         ; Compilation         ;
; Revision Name     ; Num0_12             ;
+-------------------+---------------------+


+---------------------------------------------------------------------------------------------------------------------------------------+
; Flow Non-Default Global Settings                                                                                                      ;
+-------------------------------------+----------------------------------------+---------------+--------------+-------------------------+
; Assignment Name                     ; Value                                  ; Default Value ; Entity Name  ; Section Id              ;
+-------------------------------------+----------------------------------------+---------------+--------------+-------------------------+
; COMPILER_SIGNATURE_ID               ; 161526877865647.167646394018492        ; --            ; --           ; --                      ;
; EDA_GENERATE_FUNCTIONAL_NETLIST     ; Off                                    ; --            ; --           ; eda_formal_verification ;
; PARTITION_COLOR                     ; -- (Not supported for targeted family) ; --            ; SchemaFinala ; Top                     ;
; PARTITION_FITTER_PRESERVATION_LEVEL ; -- (Not supported for targeted family) ; --            ; SchemaFinala ; Top                     ;
; PARTITION_NETLIST_TYPE              ; -- (Not supported for targeted family) ; --            ; SchemaFinala ; Top                     ;
; TOP_LEVEL_ENTITY                    ; SchemaFinala                           ; Num0_12       ; --           ; --                      ;
; USE_GENERATED_PHYSICAL_CONSTRAINTS  ; Off                                    ; --            ; --           ; eda_blast_fpga          ;
+-------------------------------------+----------------------------------------+---------------+--------------+-------------------------+


+--------------------------------------------------------------------------------------------------------------------------+
; Flow Elapsed Time                                                                                                        ;
+----------------------+--------------+-------------------------+---------------------+------------------------------------+
; Module Name          ; Elapsed Time ; Average Processors Used ; Peak Virtual Memory ; Total CPU Time (on all processors) ;
+----------------------+--------------+-------------------------+---------------------+------------------------------------+
; Analysis & Synthesis ; 00:00:08     ; 1.0                     ; 4869 MB             ; 00:00:08                           ;
; Fitter               ; 00:00:13     ; 1.0                     ; 6062 MB             ; 00:00:09                           ;
; Assembler            ; 00:00:02     ; 1.0                     ; 4813 MB             ; 00:00:02                           ;
; Timing Analyzer      ; 00:00:03     ; 1.0                     ; 4951 MB             ; 00:00:02                           ;
; EDA Netlist Writer   ; 00:00:01     ; 1.0                     ; 4711 MB             ; 00:00:01                           ;
; EDA Netlist Writer   ; 00:00:02     ; 1.0                     ; 4746 MB             ; 00:00:01                           ;
; Total                ; 00:00:29     ; --                      ; --                  ; 00:00:23                           ;
+----------------------+--------------+-------------------------+---------------------+------------------------------------+


+------------------------------------------------------------------------------------+
; Flow OS Summary                                                                    ;
+----------------------+------------------+------------+------------+----------------+
; Module Name          ; Machine Hostname ; OS Name    ; OS Version ; Processor type ;
+----------------------+------------------+------------+------------+----------------+
; Analysis & Synthesis ; DESKTOP-AG8B0K4  ; Windows 10 ; 10.0       ; x86_64         ;
; Fitter               ; DESKTOP-AG8B0K4  ; Windows 10 ; 10.0       ; x86_64         ;
; Assembler            ; DESKTOP-AG8B0K4  ; Windows 10 ; 10.0       ; x86_64         ;
; Timing Analyzer      ; DESKTOP-AG8B0K4  ; Windows 10 ; 10.0       ; x86_64         ;
; EDA Netlist Writer   ; DESKTOP-AG8B0K4  ; Windows 10 ; 10.0       ; x86_64         ;
; EDA Netlist Writer   ; DESKTOP-AG8B0K4  ; Windows 10 ; 10.0       ; x86_64         ;
+----------------------+------------------+------------+------------+----------------+


------------
; Flow Log ;
------------
quartus_map --read_settings_files=on --write_settings_files=off Ceas -c Num0_12
quartus_fit --read_settings_files=off --write_settings_files=off Ceas -c Num0_12
quartus_asm --read_settings_files=off --write_settings_files=off Ceas -c Num0_12
quartus_sta Ceas -c Num0_12
quartus_eda --gen_testbench --tool=modelsim_oem --format=vhdl --write_settings_files=off Ceas -c Num0_12 --vector_source=C:/Users/dan/Desktop/Ceas/SimulareFinala.vwf --testbench_file=C:/Users/dan/Desktop/Ceas/simulation/qsim/SimulareFinala.vwf.vht
quartus_eda --write_settings_files=off --simulation=on --functional=off --flatten_buses=off --timescale=1ps --tool=modelsim_oem --format=vhdl --output_directory=C:/Users/dan/Desktop/Ceas/simulation/qsim/ Ceas -c Num0_12



